# JRE version: OpenJDK Runtime Environment (8.0_202-b03) (build 1.8.0_202-release-1483-b03)
# Java VM: OpenJDK 64-Bit Server VM (25.202-b03 mixed mode windows-amd64 compressed oops)
Heap:
 PSYoungGen      total 488448K, used 414084K [0x00000000e0000000, 0x0000000100000000, 0x0000000100000000)
  eden space 456192K, 88% used [0x00000000e0000000,0x00000000f8c0e2b0,0x00000000fbd80000)
  from space 32256K, 26% used [0x00000000fbd80000,0x00000000fc5d2ed0,0x00000000fdd00000)
  to   space 31232K, 0% used [0x00000000fe180000,0x00000000fe180000,0x0000000100000000)
 ParOldGen       total 235520K, used 96853K [0x00000000a0000000, 0x00000000ae600000, 0x00000000e0000000)
  object space 235520K, 41% used [0x00000000a0000000,0x00000000a5e95678,0x00000000ae600000)
 Metaspace       used 105454K, capacity 111194K, committed 111488K, reserved 1146880K
  class space    used 13396K, capacity 14589K, committed 14720K, reserved 1048576K
GC Heap History (10 events):
Event: 1117.338 GC heap before
{Heap before GC invocations=31 (full 4):
 PSYoungGen      total 399360K, used 371291K [0x00000000e0000000, 0x00000000fac00000, 0x0000000100000000)
  eden space 365056K, 100% used [0x00000000e0000000,0x00000000f6480000,0x00000000f6480000)
  from space 34304K, 18% used [0x00000000f8680000,0x00000000f8c96ff0,0x00000000fa800000)
  to   space 34816K, 0% used [0x00000000f6480000,0x00000000f6480000,0x00000000f8680000)
 ParOldGen       total 235520K, used 94132K [0x00000000a0000000, 0x00000000ae600000, 0x00000000e0000000)
  object space 235520K, 39% used [0x00000000a0000000,0x00000000a5bed230,0x00000000ae600000)
 Metaspace       used 104476K, capacity 110076K, committed 110336K, reserved 1144832K
  class space    used 13321K, capacity 14482K, committed 14592K, reserved 1048576K
Event: 1117.356 GC heap after
Heap after GC invocations=31 (full 4):
 PSYoungGen      total 399872K, used 7211K [0x00000000e0000000, 0x00000000fe580000, 0x0000000100000000)
  eden space 365056K, 0% used [0x00000000e0000000,0x00000000e0000000,0x00000000f6480000)
  from space 34816K, 20% used [0x00000000f6480000,0x00000000f6b8aca0,0x00000000f8680000)
  to   space 34304K, 0% used [0x00000000fc400000,0x00000000fc400000,0x00000000fe580000)
 ParOldGen       total 235520K, used 94172K [0x00000000a0000000, 0x00000000ae600000, 0x00000000e0000000)
  object space 235520K, 39% used [0x00000000a0000000,0x00000000a5bf7230,0x00000000ae600000)
 Metaspace       used 104476K, capacity 110076K, committed 110336K, reserved 1144832K
  class space    used 13321K, capacity 14482K, committed 14592K, reserved 1048576K
}
Event: 1118.132 GC heap before
{Heap before GC invocations=32 (full 4):
 PSYoungGen      total 399872K, used 372267K [0x00000000e0000000, 0x00000000fe580000, 0x0000000100000000)
  eden space 365056K, 100% used [0x00000000e0000000,0x00000000f6480000,0x00000000f6480000)
  from space 34816K, 20% used [0x00000000f6480000,0x00000000f6b8aca0,0x00000000f8680000)
  to   space 34304K, 0% used [0x00000000fc400000,0x00000000fc400000,0x00000000fe580000)
 ParOldGen       total 235520K, used 94739K [0x00000000a0000000, 0x00000000ae600000, 0x00000000e0000000)
  object space 235520K, 40% used [0x00000000a0000000,0x00000000a5c84ce8,0x00000000ae600000)
 Metaspace       used 104549K, capacity 110140K, committed 110336K, reserved 1144832K
  class space    used 13321K, capacity 14482K, committed 14592K, reserved 1048576K
Event: 1118.150 GC heap after
Heap after GC invocations=32 (full 4):
 PSYoungGen      total 459776K, used 4427K [0x00000000e0000000, 0x00000000fe400000, 0x0000000100000000)
  eden space 427008K, 0% used [0x00000000e0000000,0x00000000e0000000,0x00000000fa100000)
  from space 32768K, 13% used [0x00000000fc400000,0x00000000fc852c30,0x00000000fe400000)
  to   space 34304K, 0% used [0x00000000fa100000,0x00000000fa100000,0x00000000fc280000)
 ParOldGen       total 235520K, used 94755K [0x00000000a0000000, 0x00000000ae600000, 0x00000000e0000000)
  object space 235520K, 40% used [0x00000000a0000000,0x00000000a5c88ce8,0x00000000ae600000)
 Metaspace       used 104549K, capacity 110140K, committed 110336K, reserved 1144832K
  class space    used 13321K, capacity 14482K, committed 14592K, reserved 1048576K
}
Event: 1118.973 GC heap before
{Heap before GC invocations=33 (full 4):
 PSYoungGen      total 459776K, used 431435K [0x00000000e0000000, 0x00000000fe400000, 0x0000000100000000)
  eden space 427008K, 100% used [0x00000000e0000000,0x00000000fa100000,0x00000000fa100000)
  from space 32768K, 13% used [0x00000000fc400000,0x00000000fc852c30,0x00000000fe400000)
  to   space 34304K, 0% used [0x00000000fa100000,0x00000000fa100000,0x00000000fc280000)
 ParOldGen       total 235520K, used 94757K [0x00000000a0000000, 0x00000000ae600000, 0x00000000e0000000)
  object space 235520K, 40% used [0x00000000a0000000,0x00000000a5c895e8,0x00000000ae600000)
 Metaspace       used 104600K, capacity 110204K, committed 110336K, reserved 1144832K
  class space    used 13322K, capacity 14482K, committed 14592K, reserved 1048576K
Event: 1119.006 GC heap after
Heap after GC invocations=33 (full 4):
 PSYoungGen      total 461312K, used 5986K [0x00000000e0000000, 0x0000000100000000, 0x0000000100000000)
  eden space 427008K, 0% used [0x00000000e0000000,0x00000000e0000000,0x00000000fa100000)
  from space 34304K, 17% used [0x00000000fa100000,0x00000000fa6d8810,0x00000000fc280000)
  to   space 33792K, 0% used [0x00000000fdf00000,0x00000000fdf00000,0x0000000100000000)
 ParOldGen       total 235520K, used 94773K [0x00000000a0000000, 0x00000000ae600000, 0x00000000e0000000)
  object space 235520K, 40% used [0x00000000a0000000,0x00000000a5c8d5e8,0x00000000ae600000)
 Metaspace       used 104600K, capacity 110204K, committed 110336K, reserved 1144832K
  class space    used 13322K, capacity 14482K, committed 14592K, reserved 1048576K
}
Event: 1119.787 GC heap before
{Heap before GC invocations=34 (full 4):
 PSYoungGen      total 461312K, used 432994K [0x00000000e0000000, 0x0000000100000000, 0x0000000100000000)
  eden space 427008K, 100% used [0x00000000e0000000,0x00000000fa100000,0x00000000fa100000)
  from space 34304K, 17% used [0x00000000fa100000,0x00000000fa6d8810,0x00000000fc280000)
  to   space 33792K, 0% used [0x00000000fdf00000,0x00000000fdf00000,0x0000000100000000)
 ParOldGen       total 235520K, used 94773K [0x00000000a0000000, 0x00000000ae600000, 0x00000000e0000000)
  object space 235520K, 40% used [0x00000000a0000000,0x00000000a5c8d5e8,0x00000000ae600000)
 Metaspace       used 104628K, capacity 110204K, committed 110336K, reserved 1144832K
  class space    used 13322K, capacity 14482K, committed 14592K, reserved 1048576K
Event: 1119.805 GC heap after
Heap after GC invocations=34 (full 4):
 PSYoungGen      total 486400K, used 11636K [0x00000000e0000000, 0x00000000ffc80000, 0x0000000100000000)
  eden space 456192K, 0% used [0x00000000e0000000,0x00000000e0000000,0x00000000fbd80000)
  from space 30208K, 38% used [0x00000000fdf00000,0x00000000fea5d030,0x00000000ffc80000)
  to   space 32256K, 0% used [0x00000000fbd80000,0x00000000fbd80000,0x00000000fdd00000)
 ParOldGen       total 235520K, used 96177K [0x00000000a0000000, 0x00000000ae600000, 0x00000000e0000000)
  object space 235520K, 40% used [0x00000000a0000000,0x00000000a5dec638,0x00000000ae600000)
 Metaspace       used 104628K, capacity 110204K, committed 110336K, reserved 1144832K
  class space    used 13322K, capacity 14482K, committed 14592K, reserved 1048576K
}
Event: 1120.554 GC heap before
{Heap before GC invocations=35 (full 4):
 PSYoungGen      total 486400K, used 467828K [0x00000000e0000000, 0x00000000ffc80000, 0x0000000100000000)
  eden space 456192K, 100% used [0x00000000e0000000,0x00000000fbd80000,0x00000000fbd80000)
  from space 30208K, 38% used [0x00000000fdf00000,0x00000000fea5d030,0x00000000ffc80000)
  to   space 32256K, 0% used [0x00000000fbd80000,0x00000000fbd80000,0x00000000fdd00000)
 ParOldGen       total 235520K, used 96177K [0x00000000a0000000, 0x00000000ae600000, 0x00000000e0000000)
  object space 235520K, 40% used [0x00000000a0000000,0x00000000a5dec638,0x00000000ae600000)
 Metaspace       used 104738K, capacity 110344K, committed 110592K, reserved 1144832K
  class space    used 13328K, capacity 14484K, committed 14592K, reserved 1048576K
Event: 1120.588 GC heap after
Heap after GC invocations=35 (full 4):
 PSYoungGen      total 488448K, used 8523K [0x00000000e0000000, 0x0000000100000000, 0x0000000100000000)
  eden space 456192K, 0% used [0x00000000e0000000,0x00000000e0000000,0x00000000fbd80000)
  from space 32256K, 26% used [0x00000000fbd80000,0x00000000fc5d2ed0,0x00000000fdd00000)
  to   space 31232K, 0% used [0x00000000fe180000,0x00000000fe180000,0x0000000100000000)
 ParOldGen       total 235520K, used 96853K [0x00000000a0000000, 0x00000000ae600000, 0x00000000e0000000)
  object space 235520K, 41% used [0x00000000a0000000,0x00000000a5e95678,0x00000000ae600000)
 Metaspace       used 104738K, capacity 110344K, committed 110592K, reserved 1144832K
  class space    used 13328K, capacity 14484K, committed 14592K, reserved 1048576K
}

